d:\代码\github\stl\简洁版stl\简洁版的stl\debug\list.bsc
d:\代码\github\stl\简洁版stl\简洁版的stl\list\debug\vc120.pdb
d:\代码\github\stl\简洁版stl\简洁版的stl\list\debug\vc120.idb
d:\代码\github\stl\简洁版stl\简洁版的stl\list\debug\test.sbr
d:\代码\github\stl\简洁版stl\简洁版的stl\list\debug\test.obj
d:\代码\github\stl\简洁版stl\简洁版的stl\debug\list.pdb
d:\代码\github\stl\简洁版stl\简洁版的stl\list\debug\list.tlog\bscmake.command.1.tlog
d:\代码\github\stl\简洁版stl\简洁版的stl\list\debug\list.tlog\bscmake.read.1.tlog
d:\代码\github\stl\简洁版stl\简洁版的stl\list\debug\list.tlog\bscmake.write.1.tlog
d:\代码\github\stl\简洁版stl\简洁版的stl\list\debug\list.tlog\cl.command.1.tlog
d:\代码\github\stl\简洁版stl\简洁版的stl\list\debug\list.tlog\cl.read.1.tlog
d:\代码\github\stl\简洁版stl\简洁版的stl\list\debug\list.tlog\cl.write.1.tlog
d:\代码\github\stl\简洁版stl\简洁版的stl\list\debug\list.tlog\link.9396-cvtres.read.1.tlog
d:\代码\github\stl\简洁版stl\简洁版的stl\list\debug\list.tlog\link.9396-cvtres.write.1.tlog
d:\代码\github\stl\简洁版stl\简洁版的stl\list\debug\list.tlog\link.9396-rc.read.1.tlog
d:\代码\github\stl\简洁版stl\简洁版的stl\list\debug\list.tlog\link.9396-rc.write.1.tlog
d:\代码\github\stl\简洁版stl\简洁版的stl\list\debug\list.tlog\link.9396.read.1.tlog
d:\代码\github\stl\简洁版stl\简洁版的stl\list\debug\list.tlog\link.9396.write.1.tlog
d:\代码\github\stl\简洁版stl\简洁版的stl\list\debug\list.tlog\link.command.1.tlog
d:\代码\github\stl\简洁版stl\简洁版的stl\list\debug\list.tlog\link.read.1.tlog
d:\代码\github\stl\简洁版stl\简洁版的stl\list\debug\list.tlog\link.write.1.tlog
